0 info it worked if it ends with ok
1 verbose cli [ '/usr/bin/node', '/usr/bin/npm', 'install', 'package.json' ]
2 info using npm@3.5.2
3 info using node@v8.10.0
4 silly loadCurrentTree Starting
5 silly install loadCurrentTree
6 silly install readLocalPackageData
7 silly fetchPackageMetaData package.json
8 silly fetchOtherPackageData package.json
9 silly cache add args [ 'package.json', null ]
10 verbose cache add spec package.json
11 silly cache add parsed spec Result {
11 silly cache add   raw: 'package.json',
11 silly cache add   scope: null,
11 silly cache add   name: null,
11 silly cache add   rawSpec: 'package.json',
11 silly cache add   spec: '/home/ubuntu/docker-practice/nodejs/project-1/package.json',
11 silly cache add   type: 'local' }
12 silly addLocalTarball shasum (computed) f77c155fcb7dda52c8747faeb406a861318d8392
13 verbose addTmpTarball /home/ubuntu/docker-practice/nodejs/project-1/package.json not in flight; adding
14 verbose makeDirectory /root/.npm creation not in flight; initializing
15 silly makeDirectory /root/.npm uid: 1000 gid: 1000
16 verbose addTmpTarball validating metadata from /home/ubuntu/docker-practice/nodejs/project-1/package.json
17 verbose tar unpack /home/ubuntu/docker-practice/nodejs/project-1/package.json
18 verbose tar unpacking to /tmp/npm-10375-a83b2713/unpack-80b87766
19 silly gentlyRm /tmp/npm-10375-a83b2713/unpack-80b87766 is being purged
20 verbose gentlyRm don't care about contents; nuking /tmp/npm-10375-a83b2713/unpack-80b87766
21 silly gunzTarPerm modes [ '755', '644' ]
22 error not a package /home/ubuntu/docker-practice/nodejs/project-1/package.json
23 error addLocal Could not install /home/ubuntu/docker-practice/nodejs/project-1/package.json
24 silly fetchPackageMetaData Error: ENOENT: no such file or directory, open '/tmp/npm-10375-a83b2713/unpack-80b87766/package.json'
24 silly fetchPackageMetaData  error for package.json { Error: ENOENT: no such file or directory, open '/tmp/npm-10375-a83b2713/unpack-80b87766/package.json'
24 silly fetchPackageMetaData   errno: -2,
24 silly fetchPackageMetaData   code: 'ENOENT',
24 silly fetchPackageMetaData   syscall: 'open',
24 silly fetchPackageMetaData   path: '/tmp/npm-10375-a83b2713/unpack-80b87766/package.json' }
25 silly rollbackFailedOptional Starting
26 silly rollbackFailedOptional Finishing
27 silly runTopLevelLifecycles Starting
28 silly runTopLevelLifecycles Finishing
29 silly install printInstalled
30 verbose stack Error: ENOENT: no such file or directory, open '/tmp/npm-10375-a83b2713/unpack-80b87766/package.json'
31 verbose cwd /home/ubuntu/docker-practice/nodejs/project-1
32 error Linux 4.15.0-1065-aws
33 error argv "/usr/bin/node" "/usr/bin/npm" "install" "package.json"
34 error node v8.10.0
35 error npm  v3.5.2
36 error path /tmp/npm-10375-a83b2713/unpack-80b87766/package.json
37 error code ENOENT
38 error errno -2
39 error syscall open
40 error enoent ENOENT: no such file or directory, open '/tmp/npm-10375-a83b2713/unpack-80b87766/package.json'
41 error enoent ENOENT: no such file or directory, open '/tmp/npm-10375-a83b2713/unpack-80b87766/package.json'
41 error enoent This is most likely not a problem with npm itself
41 error enoent and is related to npm not being able to find a file.
42 verbose exit [ -2, true ]
